12.01.2019 16:35:05: Checking infiSTAR license..
12.01.2019 16:35:05: infiSTAR customerID found.
12.01.2019 16:35:05: infiSTAR productLicense found.
12.01.2019 16:35:06: infiSTAR license result: ok
12.01.2019 21:02:23: Checking infiSTAR license..
12.01.2019 21:02:23: infiSTAR customerID found.
12.01.2019 21:02:23: infiSTAR productLicense found.
12.01.2019 21:02:23: infiSTAR serverName found: [BR]Distrito Federal AltisLife RP|Vagas para GDF/COP/SAMU.
12.01.2019 21:02:23: infiSTAR license result: ok
13.01.2019 03:02:15: Checking infiSTAR license..
13.01.2019 03:02:15: infiSTAR customerID found.
13.01.2019 03:02:15: infiSTAR productLicense found.
13.01.2019 03:02:15: infiSTAR serverName found: [BR]Distrito Federal AltisLife RP|Vagas para GDF/COP/SAMU.
13.01.2019 03:02:16: infiSTAR license result: ok
13.01.2019 09:02:10: Checking infiSTAR license..
13.01.2019 09:02:10: infiSTAR customerID found.
13.01.2019 09:02:10: infiSTAR productLicense found.
13.01.2019 09:02:10: infiSTAR serverName found: [BR]Distrito Federal AltisLife RP|Vagas para GDF/COP/SAMU.
13.01.2019 09:02:10: infiSTAR license result: ok
13.01.2019 15:02:20: Checking infiSTAR license..
13.01.2019 15:02:20: infiSTAR customerID found.
13.01.2019 15:02:20: infiSTAR productLicense found.
13.01.2019 15:02:20: infiSTAR serverName found: [BR]Distrito Federal AltisLife RP|Vagas para GDF/COP/SAMU.
13.01.2019 15:02:20: infiSTAR license result: ok
13.01.2019 23:41:04: Checking infiSTAR license..
13.01.2019 23:41:04: infiSTAR customerID found.
13.01.2019 23:41:04: infiSTAR productLicense found.
13.01.2019 23:41:04: infiSTAR serverName found: [BR]Distrito Federal AltisLife RP|Vagas para GDF/COP/SAMU.
13.01.2019 23:41:05: infiSTAR license result: PROTECTION: Server IP (143.202.38.144) is not whitelisted for 214ee44d1bf2acd06b5a1b155877cb54 - please go to (https://webinterface.infistar.de/licenses) to manage the whitelist.
13.01.2019 23:48:05: Checking infiSTAR license..
13.01.2019 23:48:05: infiSTAR customerID found.
13.01.2019 23:48:05: infiSTAR productLicense found.
13.01.2019 23:48:05: infiSTAR serverName found: [BR]Distrito Federal AltisLife RP|Vagas para GDF/COP/SAMU.
13.01.2019 23:48:06: infiSTAR license result: PROTECTION: Server IP (143.202.38.144) is not whitelisted for 214ee44d1bf2acd06b5a1b155877cb54 - please go to (https://webinterface.infistar.de/licenses) to manage the whitelist.
13.01.2019 23:56:53: Checking infiSTAR license..
13.01.2019 23:56:53: infiSTAR customerID found.
13.01.2019 23:56:53: infiSTAR productLicense found.
13.01.2019 23:56:53: infiSTAR serverName found: [BR]Distrito Federal AltisLife RP|Vagas para GDF/COP/SAMU.
13.01.2019 23:56:54: infiSTAR license result: PROTECTION: Server IP (143.202.38.144) is not whitelisted for 214ee44d1bf2acd06b5a1b155877cb54 - please go to (https://webinterface.infistar.de/licenses) to manage the whitelist.
14.01.2019 00:07:45: Checking infiSTAR license..
14.01.2019 00:07:45: infiSTAR customerID found.
14.01.2019 00:07:45: infiSTAR productLicense found.
14.01.2019 00:07:45: infiSTAR serverName found: [BR]Distrito Federal AltisLife RP|Vagas para GDF/COP/SAMU.
14.01.2019 00:07:46: infiSTAR license result: ok
14.01.2019 03:02:04: Checking infiSTAR license..
14.01.2019 03:02:04: infiSTAR customerID found.
14.01.2019 03:02:04: infiSTAR productLicense found.
14.01.2019 03:02:04: infiSTAR serverName found: [BR]Distrito Federal AltisLife RP|Vagas para GDF/COP/SAMU.
14.01.2019 03:02:06: infiSTAR license result: ok
14.01.2019 09:01:57: Checking infiSTAR license..
14.01.2019 09:01:57: infiSTAR customerID found.
14.01.2019 09:01:57: infiSTAR productLicense found.
14.01.2019 09:01:57: infiSTAR serverName found: [BR]Distrito Federal AltisLife RP|Vagas para GDF/COP/SAMU.
14.01.2019 09:01:58: infiSTAR license result: ok
14.01.2019 15:02:20: Checking infiSTAR license..
14.01.2019 15:02:20: infiSTAR customerID found.
14.01.2019 15:02:20: infiSTAR productLicense found.
14.01.2019 15:02:20: infiSTAR serverName found: [BR]Distrito Federal AltisLife RP|Vagas para GDF/COP/SAMU.
14.01.2019 15:02:20: infiSTAR license result: ok
14.01.2019 21:03:32: Checking infiSTAR license..
14.01.2019 21:03:32: infiSTAR customerID found.
14.01.2019 21:03:32: infiSTAR productLicense found.
14.01.2019 21:03:32: infiSTAR serverName found: [BR]Distrito Federal AltisLife RP|Vagas para GDF/COP/SAMU.
14.01.2019 21:03:33: infiSTAR license result: ok
15.01.2019 03:01:57: Checking infiSTAR license..
15.01.2019 03:01:57: infiSTAR customerID found.
15.01.2019 03:01:57: infiSTAR productLicense found.
15.01.2019 03:01:57: infiSTAR serverName found: [BR]Distrito Federal AltisLife RP|Vagas para GDF/COP/SAMU.
15.01.2019 03:01:58: infiSTAR license result: ok
15.01.2019 09:01:53: Checking infiSTAR license..
15.01.2019 09:01:53: infiSTAR customerID found.
15.01.2019 09:01:53: infiSTAR productLicense found.
15.01.2019 09:01:53: infiSTAR serverName found: [BR]Distrito Federal AltisLife RP|Vagas para GDF/COP/SAMU.
15.01.2019 09:01:54: infiSTAR license result: ok
